0 info it worked if it ends with ok
1 verbose cli [ '/usr/local/bin/node', '/usr/local/bin/npm', 'run', 'tests' ]
2 info using npm@3.10.3
3 info using node@v6.3.1
4 verbose run-script [ 'pretests', 'tests', 'posttests' ]
5 info lifecycle pragma-brewery@1.0.0~pretests: pragma-brewery@1.0.0
6 silly lifecycle pragma-brewery@1.0.0~pretests: no script for pretests, continuing
7 info lifecycle pragma-brewery@1.0.0~tests: pragma-brewery@1.0.0
8 verbose lifecycle pragma-brewery@1.0.0~tests: unsafe-perm in lifecycle true
9 verbose lifecycle pragma-brewery@1.0.0~tests: PATH: /usr/local/lib/node_modules/npm/bin/node-gyp-bin:/Users/marciocleberbrazil/Projetos/AngularJS/pragma-brewery/node_modules/.bin:/usr/local/bin:/Users/marciocleberbrazil/.npm-global/bin:/usr/local/bin:/usr/bin:/bin:/usr/sbin:/sbin:/usr/local/share/dotnet:/Library/Frameworks/Mono.framework/Versions/Current/Commands
10 verbose lifecycle pragma-brewery@1.0.0~tests: CWD: /Users/marciocleberbrazil/Projetos/AngularJS/pragma-brewery
11 silly lifecycle pragma-brewery@1.0.0~tests: Args: [ '-c', 'gulp tests' ]
12 silly lifecycle pragma-brewery@1.0.0~tests: Returned: code: 1  signal: null
13 info lifecycle pragma-brewery@1.0.0~tests: Failed to exec tests script
14 verbose stack Error: pragma-brewery@1.0.0 tests: `gulp tests`
14 verbose stack Exit status 1
14 verbose stack     at EventEmitter.<anonymous> (/usr/local/lib/node_modules/npm/lib/utils/lifecycle.js:242:16)
14 verbose stack     at emitTwo (events.js:106:13)
14 verbose stack     at EventEmitter.emit (events.js:191:7)
14 verbose stack     at ChildProcess.<anonymous> (/usr/local/lib/node_modules/npm/lib/utils/spawn.js:40:14)
14 verbose stack     at emitTwo (events.js:106:13)
14 verbose stack     at ChildProcess.emit (events.js:191:7)
14 verbose stack     at maybeClose (internal/child_process.js:852:16)
14 verbose stack     at Process.ChildProcess._handle.onexit (internal/child_process.js:215:5)
15 verbose pkgid pragma-brewery@1.0.0
16 verbose cwd /Users/marciocleberbrazil/Projetos/AngularJS/pragma-brewery
17 error Darwin 15.6.0
18 error argv "/usr/local/bin/node" "/usr/local/bin/npm" "run" "tests"
19 error node v6.3.1
20 error npm  v3.10.3
21 error code ELIFECYCLE
22 error pragma-brewery@1.0.0 tests: `gulp tests`
22 error Exit status 1
23 error Failed at the pragma-brewery@1.0.0 tests script 'gulp tests'.
23 error Make sure you have the latest version of node.js and npm installed.
23 error If you do, this is most likely a problem with the pragma-brewery package,
23 error not with npm itself.
23 error Tell the author that this fails on your system:
23 error     gulp tests
23 error You can get information on how to open an issue for this project with:
23 error     npm bugs pragma-brewery
23 error Or if that isn't available, you can get their info via:
23 error     npm owner ls pragma-brewery
23 error There is likely additional logging output above.
24 verbose exit [ 1, true ]
